mood/app/build/intermediates/manifest_merge_blame_file/debug/manifest-merger-blame-debug-report.txt
1<?xml version="1.0" encoding="utf-8"?>
2<manifest xmlns:android="http://schemas.android.com/apk/res/android"
3    package="com.ehappy.mood"
4    android:versionCode="1"
5    android:versionName="1.0" >
6
7    <uses-sdk
8        android:minSdkVersion="20"
8-->src\main\AndroidManifest.xml
9        android:targetSdkVersion="30" />
9-->src\main\AndroidManifest.xml
10
11    <uses-permission android:name="android.permission.INTERNET" />
11-->src\main\AndroidManifest.xml:5:5-67
11-->src\main\AndroidManifest.xml:5:22-64
12    <uses-permission android:name="android.permission.ACCESS_NETWORK_STATE" />
12-->src\main\AndroidManifest.xml:6:5-79
12-->src\main\AndroidManifest.xml:6:22-76
13    <uses-permission android:name="android.permission.ACCESS_COARSE_LOCATION" />
13-->src\main\AndroidManifest.xml:7:5-81
13-->src\main\AndroidManifest.xml:7:22-78
14    <uses-permission android:name="android.permission.ACCESS_FINE_LOCATION" />
14-->src\main\AndroidManifest.xml:8:5-79
14-->src\main\AndroidManifest.xml:8:22-76
15    <uses-permission android:name="android.permission.BLUETOOTH" />
15-->src\main\AndroidManifest.xml:9:5-68
15-->src\main\AndroidManifest.xml:9:22-65
16    <uses-permission android:name="android.permission.BLUETOOTH_ADMIN" />
16-->src\main\AndroidManifest.xml:10:5-74
16-->src\main\AndroidManifest.xml:10:22-71
17    <uses-permission android:name="android.permission.READ_PHONE_STATE" />
17-->src\main\AndroidManifest.xml:11:5-75
17-->src\main\AndroidManifest.xml:11:22-72
18    <uses-permission android:name="android.permission.READ_CONTACTS" />
18-->src\main\AndroidManifest.xml:12:5-72
18-->src\main\AndroidManifest.xml:12:22-69
19    <uses-permission android:name="android.permission.PROCESS_OUTGOING_CALLS" />
19-->src\main\AndroidManifest.xml:13:5-81
19-->src\main\AndroidManifest.xml:13:22-78
20    <uses-permission android:name="android.permission.RECEIVE_SMS" />
20-->src\main\AndroidManifest.xml:14:5-70
20-->src\main\AndroidManifest.xml:14:22-67
21    <uses-permission android:name="android.permission.READ_SMS" />
21-->src\main\AndroidManifest.xml:15:5-67
21-->src\main\AndroidManifest.xml:15:22-64
22    <uses-permission android:name="android.permission.CAMERA" />
22-->src\main\AndroidManifest.xml:16:5-65
22-->src\main\AndroidManifest.xml:16:22-62
23    <uses-permission android:name="android.permission.VIBRATE" />
23-->src\main\AndroidManifest.xml:17:5-66
23-->src\main\AndroidManifest.xml:17:22-63
24    <uses-permission android:name="android.permission.READ_EXTERNAL_STORAGE" />
24-->src\main\AndroidManifest.xml:18:5-80
24-->src\main\AndroidManifest.xml:18:22-77
25    <uses-permission android:name="android.permission.WRITE_EXTERNAL_STORAGE" />
25-->src\main\AndroidManifest.xml:19:5-81
25-->src\main\AndroidManifest.xml:19:22-78
26
27    <uses-feature
27-->src\main\AndroidManifest.xml:21:5-23:35
28        android:name="android.hardware.bluetooth_le"
28-->src\main\AndroidManifest.xml:22:9-53
29        android:required="true" />
29-->src\main\AndroidManifest.xml:23:9-32
30    <uses-feature
30-->src\main\AndroidManifest.xml:24:5-26:36
31        android:name="android.hardware.location"
31-->src\main\AndroidManifest.xml:25:9-49
32        android:required="false" />
32-->src\main\AndroidManifest.xml:26:9-33
33    <uses-feature
33-->src\main\AndroidManifest.xml:27:5-29:36
34        android:name="android.hardware.location.gps"
34-->src\main\AndroidManifest.xml:28:9-53
35        android:required="false" />
35-->src\main\AndroidManifest.xml:29:9-33
36    <uses-feature
36-->src\main\AndroidManifest.xml:30:5-32:36
37        android:name="android.hardware.telephony"
37-->src\main\AndroidManifest.xml:31:9-50
38        android:required="false" />
38-->src\main\AndroidManifest.xml:32:9-33
39    <uses-feature
39-->src\main\AndroidManifest.xml:33:5-35:36
40        android:name="android.hardware.camera"
40-->src\main\AndroidManifest.xml:34:9-47
41        android:required="false" />
41-->src\main\AndroidManifest.xml:35:9-33
42
43    <application
43-->src\main\AndroidManifest.xml:37:5-80:19
44        android:allowBackup="true"
44-->src\main\AndroidManifest.xml:38:9-35
45        android:appComponentFactory="android.support.v4.app.CoreComponentFactory"
45-->[com.android.support:support-compat:28.0.0] AndroidManifest.xml:22:18-91
46        android:debuggable="true"
47        android:icon="@mipmap/ic_launcher"
47-->src\main\AndroidManifest.xml:39:9-43
48        android:label="@string/app_name"
48-->src\main\AndroidManifest.xml:40:9-41
49        android:roundIcon="@mipmap/ic_launcher_round"
49-->src\main\AndroidManifest.xml:41:9-54
50        android:supportsRtl="true"
50-->src\main\AndroidManifest.xml:42:9-35
51        android:theme="@style/Theme.Mood" >
51-->src\main\AndroidManifest.xml:43:9-42
52        <activity
52-->src\main\AndroidManifest.xml:44:9-46:39
53            android:name="com.ehappy.mood.Status"
53-->src\main\AndroidManifest.xml:45:13-35
54            android:exported="true" />
54-->src\main\AndroidManifest.xml:46:13-36
55        <activity android:name="com.ehappy.mood.Setting" />
55-->src\main\AndroidManifest.xml:47:9-45
55-->src\main\AndroidManifest.xml:47:19-42
56        <activity android:name="com.ehappy.mood.BreakTime" />
56-->src\main\AndroidManifest.xml:48:9-47
56-->src\main\AndroidManifest.xml:48:19-44
57        <activity android:name="com.ehappy.mood.time" />
57-->src\main\AndroidManifest.xml:49:9-42
57-->src\main\AndroidManifest.xml:49:19-39
58        <activity android:name="com.ehappy.mood.test" />
58-->src\main\AndroidManifest.xml:50:9-42
58-->src\main\AndroidManifest.xml:50:19-39
59        <activity android:name="com.ehappy.mood.user" />
59-->src\main\AndroidManifest.xml:51:9-42
59-->src\main\AndroidManifest.xml:51:19-39
60        <activity android:name="com.ehappy.mood.MainActivity" >
60-->src\main\AndroidManifest.xml:52:9-58:20
60-->src\main\AndroidManifest.xml:52:19-47
61            <intent-filter>
61-->src\main\AndroidManifest.xml:53:13-57:29
62                <action android:name="android.intent.action.MAIN" />
62-->src\main\AndroidManifest.xml:54:17-69
62-->src\main\AndroidManifest.xml:54:25-66
63
64                <category android:name="android.intent.category.LAUNCHER" />
64-->src\main\AndroidManifest.xml:56:17-77
64-->src\main\AndroidManifest.xml:56:27-74
65            </intent-filter>
66        </activity>
67        <activity android:name="com.ehappy.remotecamera.RemoteCamera" />
67-->src\main\AndroidManifest.xml:59:9-73
67-->src\main\AndroidManifest.xml:59:19-70
68
69        <service
69-->src\main\AndroidManifest.xml:61:9-63:38
70            android:name="com.golife.service.SyncService"
70-->src\main\AndroidManifest.xml:62:13-58
71            android:enabled="true" />
71-->src\main\AndroidManifest.xml:63:13-35
72        <service
72-->src\main\AndroidManifest.xml:64:9-66:38
73            android:name="com.golife.service.dfu.v20160706.DfuService"
73-->src\main\AndroidManifest.xml:65:13-71
74            android:enabled="true" />
74-->src\main\AndroidManifest.xml:66:13-35
75        <service
75-->src\main\AndroidManifest.xml:67:9-73:19
76            android:name="com.ehappy.service.NotificationListenerService"
76-->src\main\AndroidManifest.xml:68:13-74
77            android:permission="android.permission.BIND_NOTIFICATION_LISTENER_SERVICE" >
77-->src\main\AndroidManifest.xml:69:13-87
78            <intent-filter>
78-->src\main\AndroidManifest.xml:70:13-72:29
79                <action android:name="android.service.notification.NotificationListenerService" />
79-->src\main\AndroidManifest.xml:71:17-99
79-->src\main\AndroidManifest.xml:71:25-96
80            </intent-filter>
81        </service>
82
83        <receiver android:name="com.ehappy.service.SMSReceiver" >
83-->src\main\AndroidManifest.xml:75:9-79:20
83-->src\main\AndroidManifest.xml:75:19-64
84            <intent-filter android:priority="999" >
84-->src\main\AndroidManifest.xml:76:13-78:29
84-->src\main\AndroidManifest.xml:76:28-50
85                <action android:name="android.provider.Telephony.SMS_RECEIVED" />
85-->src\main\AndroidManifest.xml:77:17-82
85-->src\main\AndroidManifest.xml:77:25-79
86            </intent-filter>
87        </receiver>
88    </application>
89
90</manifest>